<?xml version="1.0" encoding="UTF-8"?>
<coverage generated="1576562131409" clover="3.2.0">
  <project timestamp="1576562131409" name="All files">
    <metrics statements="30" coveredstatements="29" conditionals="0" coveredconditionals="0" methods="12" coveredmethods="11" elements="42" coveredelements="40" complexity="0" loc="30" ncloc="30" packages="3" files="3" classes="3"/>
    <package name="lib">
      <metrics statements="20" coveredstatements="20" conditionals="0" coveredconditionals="0" methods="9" coveredmethods="9"/>
      <file name="app.js" path="C:\Users\travi\Alchemy\career-track\week-01\lab-exploring-models\lib\app.js">
        <metrics statements="20" coveredstatements="20" conditionals="0" coveredconditionals="0" methods="9" coveredmethods="9"/>
        <line num="1" count="1" type="stmt"/>
        <line num="2" count="1" type="stmt"/>
        <line num="3" count="1" type="stmt"/>
        <line num="5" count="1" type="stmt"/>
        <line num="7" count="1" type="stmt"/>
        <line num="8" count="1" type="stmt"/>
        <line num="11" count="1" type="stmt"/>
        <line num="12" count="1" type="stmt"/>
        <line num="14" count="1" type="stmt"/>
        <line num="18" count="1" type="stmt"/>
        <line num="19" count="1" type="stmt"/>
        <line num="20" count="1" type="stmt"/>
        <line num="22" count="1" type="stmt"/>
        <line num="26" count="1" type="stmt"/>
        <line num="27" count="1" type="stmt"/>
        <line num="29" count="1" type="stmt"/>
        <line num="32" count="1" type="stmt"/>
        <line num="33" count="1" type="stmt"/>
        <line num="36" count="1" type="stmt"/>
        <line num="41" count="1" type="stmt"/>
      </file>
    </package>
    <package name="lib.models">
      <metrics statements="3" coveredstatements="3" conditionals="0" coveredconditionals="0" methods="0" coveredmethods="0"/>
      <file name="Car.js" path="C:\Users\travi\Alchemy\career-track\week-01\lab-exploring-models\lib\models\Car.js">
        <metrics statements="3" coveredstatements="3" conditionals="0" coveredconditionals="0" methods="0" coveredmethods="0"/>
        <line num="1" count="2" type="stmt"/>
        <line num="2" count="2" type="stmt"/>
        <line num="13" count="2" type="stmt"/>
      </file>
    </package>
    <package name="lib.utils">
      <metrics statements="7" coveredstatements="6" conditionals="0" coveredconditionals="0" methods="3" coveredmethods="2"/>
      <file name="connect.js" path="C:\Users\travi\Alchemy\career-track\week-01\lab-exploring-models\lib\utils\connect.js">
        <metrics statements="7" coveredstatements="6" conditionals="0" coveredconditionals="0" methods="3" coveredmethods="2"/>
        <line num="1" count="1" type="stmt"/>
        <line num="4" count="1" type="stmt"/>
        <line num="9" count="1" type="stmt"/>
        <line num="10" count="1" type="stmt"/>
        <line num="13" count="1" type="stmt"/>
        <line num="14" count="0" type="stmt"/>
        <line num="18" count="1" type="stmt"/>
      </file>
    </package>
  </project>
</coverage>
