{"C:\\Users\\travi\\Alchemy\\career-track\\week-01\\lab-exploring-models\\lib\\app.js": {"path":"C:\\Users\\travi\\Alchemy\\career-track\\week-01\\lab-exploring-models\\lib\\app.js","statementMap":{"0":{"start":{"line":1,"column":16},"end":{"line":1,"column":34}},"1":{"start":{"line":2,"column":12},"end":{"line":2,"column":21}},"2":{"start":{"line":3,"column":12},"end":{"line":3,"column":35}},"3":{"start":{"line":5,"column":0},"end":{"line":5,"column":24}},"4":{"start":{"line":7,"column":0},"end":{"line":12,"column":3}},"5":{"start":{"line":8,"column":2},"end":{"line":11,"column":7}},"6":{"start":{"line":10,"column":6},"end":{"line":10,"column":25}},"7":{"start":{"line":14,"column":0},"end":{"line":20,"column":3}},"8":{"start":{"line":15,"column":31},"end":{"line":15,"column":39}},"9":{"start":{"line":16,"column":2},"end":{"line":19,"column":7}},"10":{"start":{"line":18,"column":6},"end":{"line":18,"column":27}},"11":{"start":{"line":23,"column":0},"end":{"line":23,"column":21}}},"fnMap":{"0":{"name":"(anonymous_0)","decl":{"start":{"line":7,"column":13},"end":{"line":7,"column":14}},"loc":{"start":{"line":7,"column":27},"end":{"line":12,"column":1}},"line":7},"1":{"name":"(anonymous_1)","decl":{"start":{"line":9,"column":10},"end":{"line":9,"column":11}},"loc":{"start":{"line":9,"column":22},"end":{"line":11,"column":5}},"line":9},"2":{"name":"(anonymous_2)","decl":{"start":{"line":14,"column":18},"end":{"line":14,"column":19}},"loc":{"start":{"line":14,"column":32},"end":{"line":20,"column":1}},"line":14},"3":{"name":"(anonymous_3)","decl":{"start":{"line":17,"column":10},"end":{"line":17,"column":11}},"loc":{"start":{"line":17,"column":24},"end":{"line":19,"column":5}},"line":17}},"branchMap":{},"s":{"0":1,"1":1,"2":1,"3":1,"4":1,"5":1,"6":1,"7":1,"8":1,"9":1,"10":1,"11":1},"f":{"0":1,"1":1,"2":1,"3":1},"b":{},"_coverageSchema":"43e27e138ebf9cfc5966b082cf9a028302ed4184","hash":"3748c3a541a83d970a0a915936a682c0b87a23a6"}
,"C:\\Users\\travi\\Alchemy\\career-track\\week-01\\lab-exploring-models\\lib\\models\\Car.js": {"path":"C:\\Users\\travi\\Alchemy\\career-track\\week-01\\lab-exploring-models\\lib\\models\\Car.js","statementMap":{"0":{"start":{"line":1,"column":17},"end":{"line":1,"column":36}},"1":{"start":{"line":2,"column":15},"end":{"line":11,"column":2}},"2":{"start":{"line":13,"column":0},"end":{"line":13,"column":47}}},"fnMap":{},"branchMap":{},"s":{"0":2,"1":2,"2":2},"f":{},"b":{},"_coverageSchema":"43e27e138ebf9cfc5966b082cf9a028302ed4184","hash":"0d1b6cbd5024ffb374c230ae462a8543d27af6d8"}
,"C:\\Users\\travi\\Alchemy\\career-track\\week-01\\lab-exploring-models\\lib\\utils\\connect.js": {"path":"C:\\Users\\travi\\Alchemy\\career-track\\week-01\\lab-exploring-models\\lib\\utils\\connect.js","statementMap":{"0":{"start":{"line":1,"column":17},"end":{"line":1,"column":36}},"1":{"start":{"line":4,"column":2},"end":{"line":7,"column":5}},"2":{"start":{"line":9,"column":2},"end":{"line":11,"column":5}},"3":{"start":{"line":10,"column":4},"end":{"line":10,"column":43}},"4":{"start":{"line":13,"column":2},"end":{"line":15,"column":5}},"5":{"start":{"line":14,"column":4},"end":{"line":14,"column":47}},"6":{"start":{"line":18,"column":0},"end":{"line":18,"column":25}}},"fnMap":{"0":{"name":"connect","decl":{"start":{"line":3,"column":9},"end":{"line":3,"column":16}},"loc":{"start":{"line":3,"column":19},"end":{"line":16,"column":1}},"line":3},"1":{"name":"(anonymous_1)","decl":{"start":{"line":9,"column":38},"end":{"line":9,"column":39}},"loc":{"start":{"line":9,"column":44},"end":{"line":11,"column":3}},"line":9},"2":{"name":"(anonymous_2)","decl":{"start":{"line":13,"column":34},"end":{"line":13,"column":35}},"loc":{"start":{"line":13,"column":40},"end":{"line":15,"column":3}},"line":13}},"branchMap":{},"s":{"0":1,"1":1,"2":1,"3":1,"4":1,"5":0,"6":1},"f":{"0":1,"1":1,"2":0},"b":{},"_coverageSchema":"43e27e138ebf9cfc5966b082cf9a028302ed4184","hash":"3816dbeeb3c777f3b3d416d13dd2bed688875671"}
}
